{
  "/Users/wood/Documents/Futureproof/4-Lap4/3-Project/frontend/src/actions/index.js": {
    "path": "/Users/wood/Documents/Futureproof/4-Lap4/3-Project/frontend/src/actions/index.js",
    "statementMap": {
      "0": {
        "start": {
          "line": 6,
          "column": 20
        },
        "end": {
          "line": 6,
          "column": 51
        }
      },
      "1": {
        "start": {
          "line": 6,
          "column": 27
        },
        "end": {
          "line": 6,
          "column": 50
        }
      },
      "2": {
        "start": {
          "line": 8,
          "column": 23
        },
        "end": {
          "line": 17,
          "column": 2
        }
      },
      "3": {
        "start": {
          "line": 8,
          "column": 38
        },
        "end": {
          "line": 17,
          "column": 1
        }
      },
      "4": {
        "start": {
          "line": 20,
          "column": 27
        },
        "end": {
          "line": 31,
          "column": 1
        }
      },
      "5": {
        "start": {
          "line": 21,
          "column": 4
        },
        "end": {
          "line": 30,
          "column": 5
        }
      },
      "6": {
        "start": {
          "line": 22,
          "column": 8
        },
        "end": {
          "line": 22,
          "column": 31
        }
      },
      "7": {
        "start": {
          "line": 23,
          "column": 8
        },
        "end": {
          "line": 29,
          "column": 9
        }
      },
      "8": {
        "start": {
          "line": 24,
          "column": 25
        },
        "end": {
          "line": 24,
          "column": 54
        }
      },
      "9": {
        "start": {
          "line": 25,
          "column": 12
        },
        "end": {
          "line": 25,
          "column": 42
        }
      },
      "10": {
        "start": {
          "line": 27,
          "column": 12
        },
        "end": {
          "line": 27,
          "column": 37
        }
      },
      "11": {
        "start": {
          "line": 28,
          "column": 12
        },
        "end": {
          "line": 28,
          "column": 43
        }
      },
      "12": {
        "start": {
          "line": 33,
          "column": 22
        },
        "end": {
          "line": 43,
          "column": 1
        }
      },
      "13": {
        "start": {
          "line": 34,
          "column": 4
        },
        "end": {
          "line": 42,
          "column": 5
        }
      },
      "14": {
        "start": {
          "line": 35,
          "column": 25
        },
        "end": {
          "line": 35,
          "column": 83
        }
      },
      "15": {
        "start": {
          "line": 36,
          "column": 8
        },
        "end": {
          "line": 36,
          "column": 38
        }
      },
      "16": {
        "start": {
          "line": 37,
          "column": 8
        },
        "end": {
          "line": 37,
          "column": 187
        }
      },
      "17": {
        "start": {
          "line": 40,
          "column": 8
        },
        "end": {
          "line": 40,
          "column": 85
        }
      },
      "18": {
        "start": {
          "line": 40,
          "column": 39
        },
        "end": {
          "line": 40,
          "column": 83
        }
      },
      "19": {
        "start": {
          "line": 41,
          "column": 8
        },
        "end": {
          "line": 41,
          "column": 36
        }
      },
      "20": {
        "start": {
          "line": 48,
          "column": 24
        },
        "end": {
          "line": 48,
          "column": 59
        }
      },
      "21": {
        "start": {
          "line": 48,
          "column": 31
        },
        "end": {
          "line": 48,
          "column": 58
        }
      },
      "22": {
        "start": {
          "line": 50,
          "column": 27
        },
        "end": {
          "line": 62,
          "column": 6
        }
      },
      "23": {
        "start": {
          "line": 50,
          "column": 44
        },
        "end": {
          "line": 62,
          "column": 5
        }
      },
      "24": {
        "start": {
          "line": 54,
          "column": 12
        },
        "end": {
          "line": 59,
          "column": 13
        }
      },
      "25": {
        "start": {
          "line": 64,
          "column": 30
        },
        "end": {
          "line": 75,
          "column": 1
        }
      },
      "26": {
        "start": {
          "line": 65,
          "column": 4
        },
        "end": {
          "line": 74,
          "column": 5
        }
      },
      "27": {
        "start": {
          "line": 66,
          "column": 8
        },
        "end": {
          "line": 66,
          "column": 35
        }
      },
      "28": {
        "start": {
          "line": 67,
          "column": 8
        },
        "end": {
          "line": 73,
          "column": 9
        }
      },
      "29": {
        "start": {
          "line": 68,
          "column": 25
        },
        "end": {
          "line": 68,
          "column": 56
        }
      },
      "30": {
        "start": {
          "line": 69,
          "column": 12
        },
        "end": {
          "line": 69,
          "column": 46
        }
      },
      "31": {
        "start": {
          "line": 71,
          "column": 12
        },
        "end": {
          "line": 71,
          "column": 37
        }
      },
      "32": {
        "start": {
          "line": 72,
          "column": 12
        },
        "end": {
          "line": 72,
          "column": 43
        }
      },
      "33": {
        "start": {
          "line": 77,
          "column": 25
        },
        "end": {
          "line": 91,
          "column": 1
        }
      },
      "34": {
        "start": {
          "line": 78,
          "column": 4
        },
        "end": {
          "line": 90,
          "column": 5
        }
      },
      "35": {
        "start": {
          "line": 79,
          "column": 28
        },
        "end": {
          "line": 79,
          "column": 87
        }
      },
      "36": {
        "start": {
          "line": 80,
          "column": 8
        },
        "end": {
          "line": 80,
          "column": 47
        }
      },
      "37": {
        "start": {
          "line": 88,
          "column": 8
        },
        "end": {
          "line": 88,
          "column": 84
        }
      },
      "38": {
        "start": {
          "line": 88,
          "column": 38
        },
        "end": {
          "line": 88,
          "column": 82
        }
      },
      "39": {
        "start": {
          "line": 89,
          "column": 8
        },
        "end": {
          "line": 89,
          "column": 36
        }
      },
      "40": {
        "start": {
          "line": 96,
          "column": 23
        },
        "end": {
          "line": 96,
          "column": 57
        }
      },
      "41": {
        "start": {
          "line": 96,
          "column": 30
        },
        "end": {
          "line": 96,
          "column": 56
        }
      },
      "42": {
        "start": {
          "line": 98,
          "column": 26
        },
        "end": {
          "line": 113,
          "column": 6
        }
      },
      "43": {
        "start": {
          "line": 98,
          "column": 42
        },
        "end": {
          "line": 113,
          "column": 5
        }
      },
      "44": {
        "start": {
          "line": 102,
          "column": 12
        },
        "end": {
          "line": 110,
          "column": 13
        }
      },
      "45": {
        "start": {
          "line": 115,
          "column": 30
        },
        "end": {
          "line": 126,
          "column": 1
        }
      },
      "46": {
        "start": {
          "line": 116,
          "column": 4
        },
        "end": {
          "line": 125,
          "column": 5
        }
      },
      "47": {
        "start": {
          "line": 117,
          "column": 8
        },
        "end": {
          "line": 117,
          "column": 34
        }
      },
      "48": {
        "start": {
          "line": 118,
          "column": 8
        },
        "end": {
          "line": 124,
          "column": 9
        }
      },
      "49": {
        "start": {
          "line": 119,
          "column": 25
        },
        "end": {
          "line": 119,
          "column": 55
        }
      },
      "50": {
        "start": {
          "line": 120,
          "column": 12
        },
        "end": {
          "line": 120,
          "column": 45
        }
      },
      "51": {
        "start": {
          "line": 122,
          "column": 12
        },
        "end": {
          "line": 122,
          "column": 37
        }
      },
      "52": {
        "start": {
          "line": 123,
          "column": 12
        },
        "end": {
          "line": 123,
          "column": 43
        }
      },
      "53": {
        "start": {
          "line": 128,
          "column": 25
        },
        "end": {
          "line": 152,
          "column": 1
        }
      },
      "54": {
        "start": {
          "line": 129,
          "column": 4
        },
        "end": {
          "line": 151,
          "column": 5
        }
      },
      "55": {
        "start": {
          "line": 130,
          "column": 26
        },
        "end": {
          "line": 130,
          "column": 95
        }
      },
      "56": {
        "start": {
          "line": 131,
          "column": 8
        },
        "end": {
          "line": 131,
          "column": 45
        }
      },
      "57": {
        "start": {
          "line": 132,
          "column": 27
        },
        "end": {
          "line": 132,
          "column": 29
        }
      },
      "58": {
        "start": {
          "line": 133,
          "column": 8
        },
        "end": {
          "line": 138,
          "column": 9
        }
      },
      "59": {
        "start": {
          "line": 133,
          "column": 20
        },
        "end": {
          "line": 133,
          "column": 21
        }
      },
      "60": {
        "start": {
          "line": 134,
          "column": 12
        },
        "end": {
          "line": 134,
          "column": 32
        }
      },
      "61": {
        "start": {
          "line": 135,
          "column": 30
        },
        "end": {
          "line": 135,
          "column": 101
        }
      },
      "62": {
        "start": {
          "line": 136,
          "column": 12
        },
        "end": {
          "line": 136,
          "column": 37
        }
      },
      "63": {
        "start": {
          "line": 137,
          "column": 12
        },
        "end": {
          "line": 137,
          "column": 47
        }
      },
      "64": {
        "start": {
          "line": 139,
          "column": 8
        },
        "end": {
          "line": 139,
          "column": 34
        }
      },
      "65": {
        "start": {
          "line": 140,
          "column": 8
        },
        "end": {
          "line": 140,
          "column": 42
        }
      },
      "66": {
        "start": {
          "line": 149,
          "column": 8
        },
        "end": {
          "line": 149,
          "column": 83
        }
      },
      "67": {
        "start": {
          "line": 149,
          "column": 37
        },
        "end": {
          "line": 149,
          "column": 81
        }
      },
      "68": {
        "start": {
          "line": 150,
          "column": 8
        },
        "end": {
          "line": 150,
          "column": 36
        }
      },
      "69": {
        "start": {
          "line": 156,
          "column": 30
        },
        "end": {
          "line": 159,
          "column": 2
        }
      },
      "70": {
        "start": {
          "line": 156,
          "column": 43
        },
        "end": {
          "line": 159,
          "column": 1
        }
      },
      "71": {
        "start": {
          "line": 162,
          "column": 22
        },
        "end": {
          "line": 162,
          "column": 55
        }
      },
      "72": {
        "start": {
          "line": 162,
          "column": 29
        },
        "end": {
          "line": 162,
          "column": 54
        }
      },
      "73": {
        "start": {
          "line": 164,
          "column": 25
        },
        "end": {
          "line": 179,
          "column": 6
        }
      },
      "74": {
        "start": {
          "line": 164,
          "column": 45
        },
        "end": {
          "line": 179,
          "column": 5
        }
      },
      "75": {
        "start": {
          "line": 168,
          "column": 12
        },
        "end": {
          "line": 176,
          "column": 13
        }
      },
      "76": {
        "start": {
          "line": 181,
          "column": 29
        },
        "end": {
          "line": 192,
          "column": 1
        }
      },
      "77": {
        "start": {
          "line": 182,
          "column": 4
        },
        "end": {
          "line": 191,
          "column": 5
        }
      },
      "78": {
        "start": {
          "line": 183,
          "column": 8
        },
        "end": {
          "line": 183,
          "column": 33
        }
      },
      "79": {
        "start": {
          "line": 184,
          "column": 8
        },
        "end": {
          "line": 190,
          "column": 9
        }
      },
      "80": {
        "start": {
          "line": 185,
          "column": 25
        },
        "end": {
          "line": 185,
          "column": 56
        }
      },
      "81": {
        "start": {
          "line": 186,
          "column": 12
        },
        "end": {
          "line": 186,
          "column": 44
        }
      },
      "82": {
        "start": {
          "line": 188,
          "column": 12
        },
        "end": {
          "line": 188,
          "column": 37
        }
      },
      "83": {
        "start": {
          "line": 189,
          "column": 12
        },
        "end": {
          "line": 189,
          "column": 43
        }
      },
      "84": {
        "start": {
          "line": 194,
          "column": 24
        },
        "end": {
          "line": 211,
          "column": 1
        }
      },
      "85": {
        "start": {
          "line": 195,
          "column": 4
        },
        "end": {
          "line": 210,
          "column": 5
        }
      },
      "86": {
        "start": {
          "line": 196,
          "column": 25
        },
        "end": {
          "line": 196,
          "column": 92
        }
      },
      "87": {
        "start": {
          "line": 198,
          "column": 26
        },
        "end": {
          "line": 198,
          "column": 28
        }
      },
      "88": {
        "start": {
          "line": 203,
          "column": 12
        },
        "end": {
          "line": 203,
          "column": 45
        }
      },
      "89": {
        "start": {
          "line": 206,
          "column": 8
        },
        "end": {
          "line": 206,
          "column": 49
        }
      },
      "90": {
        "start": {
          "line": 208,
          "column": 8
        },
        "end": {
          "line": 208,
          "column": 85
        }
      },
      "91": {
        "start": {
          "line": 208,
          "column": 39
        },
        "end": {
          "line": 208,
          "column": 83
        }
      },
      "92": {
        "start": {
          "line": 209,
          "column": 8
        },
        "end": {
          "line": 209,
          "column": 36
        }
      }
    },
    "fnMap": {
      "0": {
        "name": "(anonymous_0)",
        "decl": {
          "start": {
            "line": 6,
            "column": 20
          },
          "end": {
            "line": 6,
            "column": 21
          }
        },
        "loc": {
          "start": {
            "line": 6,
            "column": 27
          },
          "end": {
            "line": 6,
            "column": 50
          }
        },
        "line": 6
      },
      "1": {
        "name": "(anonymous_1)",
        "decl": {
          "start": {
            "line": 8,
            "column": 23
          },
          "end": {
            "line": 8,
            "column": 24
          }
        },
        "loc": {
          "start": {
            "line": 8,
            "column": 38
          },
          "end": {
            "line": 17,
            "column": 1
          }
        },
        "line": 8
      },
      "2": {
        "name": "(anonymous_2)",
        "decl": {
          "start": {
            "line": 20,
            "column": 27
          },
          "end": {
            "line": 20,
            "column": 28
          }
        },
        "loc": {
          "start": {
            "line": 20,
            "column": 41
          },
          "end": {
            "line": 31,
            "column": 1
          }
        },
        "line": 20
      },
      "3": {
        "name": "(anonymous_3)",
        "decl": {
          "start": {
            "line": 21,
            "column": 11
          },
          "end": {
            "line": 21,
            "column": 12
          }
        },
        "loc": {
          "start": {
            "line": 21,
            "column": 29
          },
          "end": {
            "line": 30,
            "column": 5
          }
        },
        "line": 21
      },
      "4": {
        "name": "(anonymous_4)",
        "decl": {
          "start": {
            "line": 33,
            "column": 22
          },
          "end": {
            "line": 33,
            "column": 23
          }
        },
        "loc": {
          "start": {
            "line": 33,
            "column": 40
          },
          "end": {
            "line": 43,
            "column": 1
          }
        },
        "line": 33
      },
      "5": {
        "name": "(anonymous_5)",
        "decl": {
          "start": {
            "line": 48,
            "column": 24
          },
          "end": {
            "line": 48,
            "column": 25
          }
        },
        "loc": {
          "start": {
            "line": 48,
            "column": 31
          },
          "end": {
            "line": 48,
            "column": 58
          }
        },
        "line": 48
      },
      "6": {
        "name": "(anonymous_6)",
        "decl": {
          "start": {
            "line": 50,
            "column": 27
          },
          "end": {
            "line": 50,
            "column": 28
          }
        },
        "loc": {
          "start": {
            "line": 50,
            "column": 44
          },
          "end": {
            "line": 62,
            "column": 5
          }
        },
        "line": 50
      },
      "7": {
        "name": "(anonymous_7)",
        "decl": {
          "start": {
            "line": 53,
            "column": 31
          },
          "end": {
            "line": 53,
            "column": 32
          }
        },
        "loc": {
          "start": {
            "line": 53,
            "column": 39
          },
          "end": {
            "line": 60,
            "column": 9
          }
        },
        "line": 53
      },
      "8": {
        "name": "(anonymous_8)",
        "decl": {
          "start": {
            "line": 64,
            "column": 30
          },
          "end": {
            "line": 64,
            "column": 31
          }
        },
        "loc": {
          "start": {
            "line": 64,
            "column": 43
          },
          "end": {
            "line": 75,
            "column": 1
          }
        },
        "line": 64
      },
      "9": {
        "name": "(anonymous_9)",
        "decl": {
          "start": {
            "line": 65,
            "column": 11
          },
          "end": {
            "line": 65,
            "column": 12
          }
        },
        "loc": {
          "start": {
            "line": 65,
            "column": 29
          },
          "end": {
            "line": 74,
            "column": 5
          }
        },
        "line": 65
      },
      "10": {
        "name": "(anonymous_10)",
        "decl": {
          "start": {
            "line": 77,
            "column": 25
          },
          "end": {
            "line": 77,
            "column": 26
          }
        },
        "loc": {
          "start": {
            "line": 77,
            "column": 42
          },
          "end": {
            "line": 91,
            "column": 1
          }
        },
        "line": 77
      },
      "11": {
        "name": "(anonymous_11)",
        "decl": {
          "start": {
            "line": 96,
            "column": 23
          },
          "end": {
            "line": 96,
            "column": 24
          }
        },
        "loc": {
          "start": {
            "line": 96,
            "column": 30
          },
          "end": {
            "line": 96,
            "column": 56
          }
        },
        "line": 96
      },
      "12": {
        "name": "(anonymous_12)",
        "decl": {
          "start": {
            "line": 98,
            "column": 26
          },
          "end": {
            "line": 98,
            "column": 27
          }
        },
        "loc": {
          "start": {
            "line": 98,
            "column": 42
          },
          "end": {
            "line": 113,
            "column": 5
          }
        },
        "line": 98
      },
      "13": {
        "name": "(anonymous_13)",
        "decl": {
          "start": {
            "line": 101,
            "column": 29
          },
          "end": {
            "line": 101,
            "column": 30
          }
        },
        "loc": {
          "start": {
            "line": 101,
            "column": 37
          },
          "end": {
            "line": 111,
            "column": 9
          }
        },
        "line": 101
      },
      "14": {
        "name": "(anonymous_14)",
        "decl": {
          "start": {
            "line": 115,
            "column": 30
          },
          "end": {
            "line": 115,
            "column": 31
          }
        },
        "loc": {
          "start": {
            "line": 115,
            "column": 42
          },
          "end": {
            "line": 126,
            "column": 1
          }
        },
        "line": 115
      },
      "15": {
        "name": "(anonymous_15)",
        "decl": {
          "start": {
            "line": 116,
            "column": 11
          },
          "end": {
            "line": 116,
            "column": 12
          }
        },
        "loc": {
          "start": {
            "line": 116,
            "column": 29
          },
          "end": {
            "line": 125,
            "column": 5
          }
        },
        "line": 116
      },
      "16": {
        "name": "(anonymous_16)",
        "decl": {
          "start": {
            "line": 128,
            "column": 25
          },
          "end": {
            "line": 128,
            "column": 26
          }
        },
        "loc": {
          "start": {
            "line": 128,
            "column": 41
          },
          "end": {
            "line": 152,
            "column": 1
          }
        },
        "line": 128
      },
      "17": {
        "name": "(anonymous_17)",
        "decl": {
          "start": {
            "line": 156,
            "column": 30
          },
          "end": {
            "line": 156,
            "column": 31
          }
        },
        "loc": {
          "start": {
            "line": 156,
            "column": 43
          },
          "end": {
            "line": 159,
            "column": 1
          }
        },
        "line": 156
      },
      "18": {
        "name": "(anonymous_18)",
        "decl": {
          "start": {
            "line": 162,
            "column": 22
          },
          "end": {
            "line": 162,
            "column": 23
          }
        },
        "loc": {
          "start": {
            "line": 162,
            "column": 29
          },
          "end": {
            "line": 162,
            "column": 54
          }
        },
        "line": 162
      },
      "19": {
        "name": "(anonymous_19)",
        "decl": {
          "start": {
            "line": 164,
            "column": 25
          },
          "end": {
            "line": 164,
            "column": 26
          }
        },
        "loc": {
          "start": {
            "line": 164,
            "column": 45
          },
          "end": {
            "line": 179,
            "column": 5
          }
        },
        "line": 164
      },
      "20": {
        "name": "(anonymous_20)",
        "decl": {
          "start": {
            "line": 167,
            "column": 37
          },
          "end": {
            "line": 167,
            "column": 38
          }
        },
        "loc": {
          "start": {
            "line": 167,
            "column": 45
          },
          "end": {
            "line": 177,
            "column": 9
          }
        },
        "line": 167
      },
      "21": {
        "name": "(anonymous_21)",
        "decl": {
          "start": {
            "line": 181,
            "column": 29
          },
          "end": {
            "line": 181,
            "column": 30
          }
        },
        "loc": {
          "start": {
            "line": 181,
            "column": 43
          },
          "end": {
            "line": 192,
            "column": 1
          }
        },
        "line": 181
      },
      "22": {
        "name": "(anonymous_22)",
        "decl": {
          "start": {
            "line": 182,
            "column": 11
          },
          "end": {
            "line": 182,
            "column": 12
          }
        },
        "loc": {
          "start": {
            "line": 182,
            "column": 29
          },
          "end": {
            "line": 191,
            "column": 5
          }
        },
        "line": 182
      },
      "23": {
        "name": "(anonymous_23)",
        "decl": {
          "start": {
            "line": 194,
            "column": 24
          },
          "end": {
            "line": 194,
            "column": 25
          }
        },
        "loc": {
          "start": {
            "line": 194,
            "column": 42
          },
          "end": {
            "line": 211,
            "column": 1
          }
        },
        "line": 194
      }
    },
    "branchMap": {
      "0": {
        "loc": {
          "start": {
            "line": 40,
            "column": 8
          },
          "end": {
            "line": 40,
            "column": 85
          }
        },
        "type": "if",
        "locations": [
          {
            "start": {
              "line": 40,
              "column": 8
            },
            "end": {
              "line": 40,
              "column": 85
            }
          },
          {
            "start": {
              "line": 40,
              "column": 8
            },
            "end": {
              "line": 40,
              "column": 85
            }
          }
        ],
        "line": 40
      },
      "1": {
        "loc": {
          "start": {
            "line": 88,
            "column": 8
          },
          "end": {
            "line": 88,
            "column": 84
          }
        },
        "type": "if",
        "locations": [
          {
            "start": {
              "line": 88,
              "column": 8
            },
            "end": {
              "line": 88,
              "column": 84
            }
          },
          {
            "start": {
              "line": 88,
              "column": 8
            },
            "end": {
              "line": 88,
              "column": 84
            }
          }
        ],
        "line": 88
      },
      "2": {
        "loc": {
          "start": {
            "line": 149,
            "column": 8
          },
          "end": {
            "line": 149,
            "column": 83
          }
        },
        "type": "if",
        "locations": [
          {
            "start": {
              "line": 149,
              "column": 8
            },
            "end": {
              "line": 149,
              "column": 83
            }
          },
          {
            "start": {
              "line": 149,
              "column": 8
            },
            "end": {
              "line": 149,
              "column": 83
            }
          }
        ],
        "line": 149
      },
      "3": {
        "loc": {
          "start": {
            "line": 208,
            "column": 8
          },
          "end": {
            "line": 208,
            "column": 85
          }
        },
        "type": "if",
        "locations": [
          {
            "start": {
              "line": 208,
              "column": 8
            },
            "end": {
              "line": 208,
              "column": 85
            }
          },
          {
            "start": {
              "line": 208,
              "column": 8
            },
            "end": {
              "line": 208,
              "column": 85
            }
          }
        ],
        "line": 208
      }
    },
    "s": {
      "0": 77,
      "1": 188,
      "2": 77,
      "3": 187,
      "4": 77,
      "5": 188,
      "6": 188,
      "7": 188,
      "8": 188,
      "9": 187,
      "10": 0,
      "11": 0,
      "12": 77,
      "13": 188,
      "14": 188,
      "15": 187,
      "16": 187,
      "17": 0,
      "18": 0,
      "19": 0,
      "20": 77,
      "21": 278,
      "22": 77,
      "23": 277,
      "24": 5540,
      "25": 77,
      "26": 278,
      "27": 278,
      "28": 278,
      "29": 278,
      "30": 277,
      "31": 0,
      "32": 0,
      "33": 77,
      "34": 278,
      "35": 278,
      "36": 277,
      "37": 0,
      "38": 0,
      "39": 0,
      "40": 77,
      "41": 42,
      "42": 77,
      "43": 42,
      "44": 18,
      "45": 77,
      "46": 42,
      "47": 42,
      "48": 42,
      "49": 42,
      "50": 42,
      "51": 0,
      "52": 0,
      "53": 77,
      "54": 42,
      "55": 42,
      "56": 42,
      "57": 42,
      "58": 42,
      "59": 42,
      "60": 18,
      "61": 18,
      "62": 18,
      "63": 18,
      "64": 42,
      "65": 42,
      "66": 0,
      "67": 0,
      "68": 0,
      "69": 77,
      "70": 0,
      "71": 77,
      "72": 16,
      "73": 77,
      "74": 16,
      "75": 80,
      "76": 77,
      "77": 16,
      "78": 16,
      "79": 16,
      "80": 16,
      "81": 16,
      "82": 0,
      "83": 0,
      "84": 77,
      "85": 16,
      "86": 16,
      "87": 16,
      "88": 16,
      "89": 16,
      "90": 0,
      "91": 0,
      "92": 0
    },
    "f": {
      "0": 188,
      "1": 187,
      "2": 188,
      "3": 188,
      "4": 188,
      "5": 278,
      "6": 277,
      "7": 5540,
      "8": 278,
      "9": 278,
      "10": 278,
      "11": 42,
      "12": 42,
      "13": 18,
      "14": 42,
      "15": 42,
      "16": 42,
      "17": 0,
      "18": 16,
      "19": 16,
      "20": 80,
      "21": 16,
      "22": 16,
      "23": 16
    },
    "b": {
      "0": [
        0,
        0
      ],
      "1": [
        0,
        0
      ],
      "2": [
        0,
        0
      ],
      "3": [
        0,
        0
      ]
    },
    "_coverageSchema": "1a1c01bbd47fc00a2c39e90264f33305004495a9",
    "hash": "85082c72d746e39b02f7f71486392d80c5b31e9b"
  },
  "/Users/wood/Documents/Futureproof/4-Lap4/3-Project/frontend/src/pages/Home/index.js": {
    "path": "/Users/wood/Documents/Futureproof/4-Lap4/3-Project/frontend/src/pages/Home/index.js",
    "statementMap": {
      "0": {
        "start": {
          "line": 12,
          "column": 28
        },
        "end": {
          "line": 12,
          "column": 42
        }
      },
      "1": {
        "start": {
          "line": 13,
          "column": 22
        },
        "end": {
          "line": 13,
          "column": 80
        }
      },
      "2": {
        "start": {
          "line": 13,
          "column": 32
        },
        "end": {
          "line": 13,
          "column": 80
        }
      },
      "3": {
        "start": {
          "line": 15,
          "column": 19
        },
        "end": {
          "line": 15,
          "column": 32
        }
      },
      "4": {
        "start": {
          "line": 16,
          "column": 19
        },
        "end": {
          "line": 16,
          "column": 32
        }
      },
      "5": {
        "start": {
          "line": 18,
          "column": 23
        },
        "end": {
          "line": 34,
          "column": 3
        }
      },
      "6": {
        "start": {
          "line": 19,
          "column": 4
        },
        "end": {
          "line": 19,
          "column": 23
        }
      },
      "7": {
        "start": {
          "line": 20,
          "column": 19
        },
        "end": {
          "line": 20,
          "column": 40
        }
      },
      "8": {
        "start": {
          "line": 21,
          "column": 2
        },
        "end": {
          "line": 33,
          "column": 42
        }
      },
      "9": {
        "start": {
          "line": 23,
          "column": 4
        },
        "end": {
          "line": 23,
          "column": 43
        }
      },
      "10": {
        "start": {
          "line": 24,
          "column": 4
        },
        "end": {
          "line": 31,
          "column": 9
        }
      },
      "11": {
        "start": {
          "line": 25,
          "column": 5
        },
        "end": {
          "line": 25,
          "column": 52
        }
      },
      "12": {
        "start": {
          "line": 26,
          "column": 5
        },
        "end": {
          "line": 26,
          "column": 24
        }
      },
      "13": {
        "start": {
          "line": 27,
          "column": 10
        },
        "end": {
          "line": 27,
          "column": 53
        }
      },
      "14": {
        "start": {
          "line": 28,
          "column": 10
        },
        "end": {
          "line": 28,
          "column": 38
        }
      },
      "15": {
        "start": {
          "line": 30,
          "column": 10
        },
        "end": {
          "line": 30,
          "column": 32
        }
      },
      "16": {
        "start": {
          "line": 33,
          "column": 22
        },
        "end": {
          "line": 33,
          "column": 40
        }
      },
      "17": {
        "start": {
          "line": 39,
          "column": 2
        },
        "end": {
          "line": 139,
          "column": 3
        }
      }
    },
    "fnMap": {
      "0": {
        "name": "Home",
        "decl": {
          "start": {
            "line": 10,
            "column": 24
          },
          "end": {
            "line": 10,
            "column": 28
          }
        },
        "loc": {
          "start": {
            "line": 10,
            "column": 31
          },
          "end": {
            "line": 140,
            "column": 1
          }
        },
        "line": 10
      },
      "1": {
        "name": "(anonymous_1)",
        "decl": {
          "start": {
            "line": 13,
            "column": 22
          },
          "end": {
            "line": 13,
            "column": 23
          }
        },
        "loc": {
          "start": {
            "line": 13,
            "column": 32
          },
          "end": {
            "line": 13,
            "column": 80
          }
        },
        "line": 13
      },
      "2": {
        "name": "(anonymous_2)",
        "decl": {
          "start": {
            "line": 18,
            "column": 23
          },
          "end": {
            "line": 18,
            "column": 24
          }
        },
        "loc": {
          "start": {
            "line": 18,
            "column": 30
          },
          "end": {
            "line": 34,
            "column": 3
          }
        },
        "line": 18
      },
      "3": {
        "name": "(anonymous_3)",
        "decl": {
          "start": {
            "line": 22,
            "column": 9
          },
          "end": {
            "line": 22,
            "column": 10
          }
        },
        "loc": {
          "start": {
            "line": 22,
            "column": 18
          },
          "end": {
            "line": 32,
            "column": 7
          }
        },
        "line": 22
      },
      "4": {
        "name": "(anonymous_4)",
        "decl": {
          "start": {
            "line": 33,
            "column": 13
          },
          "end": {
            "line": 33,
            "column": 14
          }
        },
        "loc": {
          "start": {
            "line": 33,
            "column": 22
          },
          "end": {
            "line": 33,
            "column": 40
          }
        },
        "line": 33
      }
    },
    "branchMap": {
      "0": {
        "loc": {
          "start": {
            "line": 24,
            "column": 4
          },
          "end": {
            "line": 31,
            "column": 9
          }
        },
        "type": "if",
        "locations": [
          {
            "start": {
              "line": 24,
              "column": 4
            },
            "end": {
              "line": 31,
              "column": 9
            }
          },
          {
            "start": {
              "line": 24,
              "column": 4
            },
            "end": {
              "line": 31,
              "column": 9
            }
          }
        ],
        "line": 24
      }
    },
    "s": {
      "0": 73,
      "1": 73,
      "2": 56,
      "3": 73,
      "4": 73,
      "5": 73,
      "6": 56,
      "7": 56,
      "8": 56,
      "9": 52,
      "10": 52,
      "11": 52,
      "12": 52,
      "13": 52,
      "14": 52,
      "15": 0,
      "16": 4,
      "17": 73
    },
    "f": {
      "0": 73,
      "1": 56,
      "2": 56,
      "3": 52,
      "4": 4
    },
    "b": {
      "0": [
        52,
        0
      ]
    },
    "_coverageSchema": "1a1c01bbd47fc00a2c39e90264f33305004495a9",
    "hash": "c072406ec9870658c45e3185527775cfbafe56ba"
  },
  "/Users/wood/Documents/Futureproof/4-Lap4/3-Project/frontend/src/pages/Register/index.js": {
    "path": "/Users/wood/Documents/Futureproof/4-Lap4/3-Project/frontend/src/pages/Register/index.js",
    "statementMap": {
      "0": {
        "start": {
          "line": 24,
          "column": 19
        },
        "end": {
          "line": 24,
          "column": 32
        }
      },
      "1": {
        "start": {
          "line": 25,
          "column": 22
        },
        "end": {
          "line": 25,
          "column": 80
        }
      },
      "2": {
        "start": {
          "line": 25,
          "column": 32
        },
        "end": {
          "line": 25,
          "column": 80
        }
      },
      "3": {
        "start": {
          "line": 28,
          "column": 4
        },
        "end": {
          "line": 28,
          "column": 23
        }
      },
      "4": {
        "start": {
          "line": 29,
          "column": 21
        },
        "end": {
          "line": 29,
          "column": 42
        }
      },
      "5": {
        "start": {
          "line": 30,
          "column": 4
        },
        "end": {
          "line": 30,
          "column": 39
        }
      },
      "6": {
        "start": {
          "line": 32,
          "column": 2
        },
        "end": {
          "line": 42,
          "column": 42
        }
      },
      "7": {
        "start": {
          "line": 34,
          "column": 4
        },
        "end": {
          "line": 34,
          "column": 38
        }
      },
      "8": {
        "start": {
          "line": 35,
          "column": 4
        },
        "end": {
          "line": 40,
          "column": 9
        }
      },
      "9": {
        "start": {
          "line": 36,
          "column": 5
        },
        "end": {
          "line": 36,
          "column": 45
        }
      },
      "10": {
        "start": {
          "line": 37,
          "column": 10
        },
        "end": {
          "line": 37,
          "column": 23
        }
      },
      "11": {
        "start": {
          "line": 39,
          "column": 10
        },
        "end": {
          "line": 39,
          "column": 45
        }
      },
      "12": {
        "start": {
          "line": 42,
          "column": 22
        },
        "end": {
          "line": 42,
          "column": 40
        }
      },
      "13": {
        "start": {
          "line": 45,
          "column": 2
        },
        "end": {
          "line": 175,
          "column": 3
        }
      }
    },
    "fnMap": {
      "0": {
        "name": "Register",
        "decl": {
          "start": {
            "line": 9,
            "column": 24
          },
          "end": {
            "line": 9,
            "column": 32
          }
        },
        "loc": {
          "start": {
            "line": 9,
            "column": 35
          },
          "end": {
            "line": 176,
            "column": 1
          }
        },
        "line": 9
      },
      "1": {
        "name": "(anonymous_1)",
        "decl": {
          "start": {
            "line": 25,
            "column": 22
          },
          "end": {
            "line": 25,
            "column": 23
          }
        },
        "loc": {
          "start": {
            "line": 25,
            "column": 32
          },
          "end": {
            "line": 25,
            "column": 80
          }
        },
        "line": 25
      },
      "2": {
        "name": "handleSubmit",
        "decl": {
          "start": {
            "line": 27,
            "column": 11
          },
          "end": {
            "line": 27,
            "column": 23
          }
        },
        "loc": {
          "start": {
            "line": 27,
            "column": 27
          },
          "end": {
            "line": 43,
            "column": 3
          }
        },
        "line": 27
      },
      "3": {
        "name": "(anonymous_3)",
        "decl": {
          "start": {
            "line": 33,
            "column": 9
          },
          "end": {
            "line": 33,
            "column": 10
          }
        },
        "loc": {
          "start": {
            "line": 33,
            "column": 18
          },
          "end": {
            "line": 41,
            "column": 7
          }
        },
        "line": 33
      },
      "4": {
        "name": "(anonymous_4)",
        "decl": {
          "start": {
            "line": 42,
            "column": 13
          },
          "end": {
            "line": 42,
            "column": 14
          }
        },
        "loc": {
          "start": {
            "line": 42,
            "column": 22
          },
          "end": {
            "line": 42,
            "column": 40
          }
        },
        "line": 42
      }
    },
    "branchMap": {
      "0": {
        "loc": {
          "start": {
            "line": 35,
            "column": 4
          },
          "end": {
            "line": 40,
            "column": 9
          }
        },
        "type": "if",
        "locations": [
          {
            "start": {
              "line": 35,
              "column": 4
            },
            "end": {
              "line": 40,
              "column": 9
            }
          },
          {
            "start": {
              "line": 35,
              "column": 4
            },
            "end": {
              "line": 40,
              "column": 9
            }
          }
        ],
        "line": 35
      }
    },
    "s": {
      "0": 8,
      "1": 8,
      "2": 8,
      "3": 8,
      "4": 8,
      "5": 8,
      "6": 8,
      "7": 4,
      "8": 4,
      "9": 4,
      "10": 4,
      "11": 0,
      "12": 4,
      "13": 8
    },
    "f": {
      "0": 8,
      "1": 8,
      "2": 8,
      "3": 4,
      "4": 4
    },
    "b": {
      "0": [
        4,
        0
      ]
    },
    "_coverageSchema": "1a1c01bbd47fc00a2c39e90264f33305004495a9",
    "hash": "e2cc7a23d977d3ff10d8eb6900f347b33dcc12fa"
  },
  "/Users/wood/Documents/Futureproof/4-Lap4/3-Project/frontend/src/components/Sticker/index.js": {
    "path": "/Users/wood/Documents/Futureproof/4-Lap4/3-Project/frontend/src/components/Sticker/index.js",
    "statementMap": {
      "0": {
        "start": {
          "line": 4,
          "column": 36
        },
        "end": {
          "line": 4,
          "column": 51
        }
      },
      "1": {
        "start": {
          "line": 6,
          "column": 23
        },
        "end": {
          "line": 15,
          "column": 3
        }
      },
      "2": {
        "start": {
          "line": 7,
          "column": 18
        },
        "end": {
          "line": 7,
          "column": 35
        }
      },
      "3": {
        "start": {
          "line": 8,
          "column": 4
        },
        "end": {
          "line": 8,
          "column": 17
        }
      },
      "4": {
        "start": {
          "line": 9,
          "column": 4
        },
        "end": {
          "line": 9,
          "column": 23
        }
      },
      "5": {
        "start": {
          "line": 10,
          "column": 4
        },
        "end": {
          "line": 14,
          "column": 5
        }
      },
      "6": {
        "start": {
          "line": 12,
          "column": 8
        },
        "end": {
          "line": 12,
          "column": 174
        }
      },
      "7": {
        "start": {
          "line": 17,
          "column": 2
        },
        "end": {
          "line": 26,
          "column": 3
        }
      },
      "8": {
        "start": {
          "line": 18,
          "column": 29
        },
        "end": {
          "line": 18,
          "column": 47
        }
      },
      "9": {
        "start": {
          "line": 18,
          "column": 69
        },
        "end": {
          "line": 18,
          "column": 88
        }
      }
    },
    "fnMap": {
      "0": {
        "name": "Sticker",
        "decl": {
          "start": {
            "line": 3,
            "column": 24
          },
          "end": {
            "line": 3,
            "column": 31
          }
        },
        "loc": {
          "start": {
            "line": 3,
            "column": 73
          },
          "end": {
            "line": 27,
            "column": 1
          }
        },
        "line": 3
      },
      "1": {
        "name": "(anonymous_1)",
        "decl": {
          "start": {
            "line": 6,
            "column": 23
          },
          "end": {
            "line": 6,
            "column": 24
          }
        },
        "loc": {
          "start": {
            "line": 6,
            "column": 29
          },
          "end": {
            "line": 15,
            "column": 3
          }
        },
        "line": 6
      },
      "2": {
        "name": "(anonymous_2)",
        "decl": {
          "start": {
            "line": 11,
            "column": 16
          },
          "end": {
            "line": 11,
            "column": 17
          }
        },
        "loc": {
          "start": {
            "line": 11,
            "column": 24
          },
          "end": {
            "line": 13,
            "column": 7
          }
        },
        "line": 11
      },
      "3": {
        "name": "(anonymous_3)",
        "decl": {
          "start": {
            "line": 18,
            "column": 23
          },
          "end": {
            "line": 18,
            "column": 24
          }
        },
        "loc": {
          "start": {
            "line": 18,
            "column": 29
          },
          "end": {
            "line": 18,
            "column": 47
          }
        },
        "line": 18
      },
      "4": {
        "name": "(anonymous_4)",
        "decl": {
          "start": {
            "line": 18,
            "column": 63
          },
          "end": {
            "line": 18,
            "column": 64
          }
        },
        "loc": {
          "start": {
            "line": 18,
            "column": 69
          },
          "end": {
            "line": 18,
            "column": 88
          }
        },
        "line": 18
      }
    },
    "branchMap": {
      "0": {
        "loc": {
          "start": {
            "line": 12,
            "column": 105
          },
          "end": {
            "line": 12,
            "column": 165
          }
        },
        "type": "cond-expr",
        "locations": [
          {
            "start": {
              "line": 12,
              "column": 117
            },
            "end": {
              "line": 12,
              "column": 140
            }
          },
          {
            "start": {
              "line": 12,
              "column": 143
            },
            "end": {
              "line": 12,
              "column": 165
            }
          }
        ],
        "line": 12
      },
      "1": {
        "loc": {
          "start": {
            "line": 21,
            "column": 18
          },
          "end": {
            "line": 21,
            "column": 75
          }
        },
        "type": "cond-expr",
        "locations": [
          {
            "start": {
              "line": 21,
              "column": 27
            },
            "end": {
              "line": 21,
              "column": 50
            }
          },
          {
            "start": {
              "line": 21,
              "column": 53
            },
            "end": {
              "line": 21,
              "column": 75
            }
          }
        ],
        "line": 21
      }
    },
    "s": {
      "0": 13152,
      "1": 13152,
      "2": 13152,
      "3": 13152,
      "4": 13152,
      "5": 13152,
      "6": 14426,
      "7": 13152,
      "8": 0,
      "9": 0
    },
    "f": {
      "0": 13152,
      "1": 13152,
      "2": 14426,
      "3": 0,
      "4": 0
    },
    "b": {
      "0": [
        0,
        14426
      ],
      "1": [
        12744,
        408
      ]
    },
    "_coverageSchema": "1a1c01bbd47fc00a2c39e90264f33305004495a9",
    "hash": "a0cb4ce56501d3bbf2e433dcf4a48a2b3f6c8e80"
  },
  "/Users/wood/Documents/Futureproof/4-Lap4/3-Project/frontend/src/components/FriendItem/index.js": {
    "path": "/Users/wood/Documents/Futureproof/4-Lap4/3-Project/frontend/src/components/FriendItem/index.js",
    "statementMap": {
      "0": {
        "start": {
          "line": 5,
          "column": 2
        },
        "end": {
          "line": 10,
          "column": 3
        }
      }
    },
    "fnMap": {
      "0": {
        "name": "FriendItem",
        "decl": {
          "start": {
            "line": 4,
            "column": 24
          },
          "end": {
            "line": 4,
            "column": 34
          }
        },
        "loc": {
          "start": {
            "line": 4,
            "column": 49
          },
          "end": {
            "line": 11,
            "column": 1
          }
        },
        "line": 4
      }
    },
    "branchMap": {},
    "s": {
      "0": 90
    },
    "f": {
      "0": 90
    },
    "b": {},
    "_coverageSchema": "1a1c01bbd47fc00a2c39e90264f33305004495a9",
    "hash": "0109518d394bf4c2836e5b1df3ba4c28a0c64a17"
  },
  "/Users/wood/Documents/Futureproof/4-Lap4/3-Project/frontend/src/components/Chat/index.js": {
    "path": "/Users/wood/Documents/Futureproof/4-Lap4/3-Project/frontend/src/components/Chat/index.js",
    "statementMap": {
      "0": {
        "start": {
          "line": 5,
          "column": 32
        },
        "end": {
          "line": 5,
          "column": 44
        }
      },
      "1": {
        "start": {
          "line": 6,
          "column": 34
        },
        "end": {
          "line": 6,
          "column": 46
        }
      },
      "2": {
        "start": {
          "line": 8,
          "column": 21
        },
        "end": {
          "line": 11,
          "column": 3
        }
      },
      "3": {
        "start": {
          "line": 9,
          "column": 25
        },
        "end": {
          "line": 9,
          "column": 39
        }
      },
      "4": {
        "start": {
          "line": 10,
          "column": 4
        },
        "end": {
          "line": 10,
          "column": 29
        }
      },
      "5": {
        "start": {
          "line": 13,
          "column": 23
        },
        "end": {
          "line": 19,
          "column": 3
        }
      },
      "6": {
        "start": {
          "line": 14,
          "column": 4
        },
        "end": {
          "line": 16,
          "column": 5
        }
      },
      "7": {
        "start": {
          "line": 15,
          "column": 6
        },
        "end": {
          "line": 15,
          "column": 13
        }
      },
      "8": {
        "start": {
          "line": 17,
          "column": 4
        },
        "end": {
          "line": 17,
          "column": 33
        }
      },
      "9": {
        "start": {
          "line": 18,
          "column": 4
        },
        "end": {
          "line": 18,
          "column": 19
        }
      },
      "10": {
        "start": {
          "line": 21,
          "column": 2
        },
        "end": {
          "line": 30,
          "column": 25
        }
      },
      "11": {
        "start": {
          "line": 22,
          "column": 4
        },
        "end": {
          "line": 24,
          "column": 7
        }
      },
      "12": {
        "start": {
          "line": 23,
          "column": 6
        },
        "end": {
          "line": 23,
          "column": 44
        }
      },
      "13": {
        "start": {
          "line": 25,
          "column": 4
        },
        "end": {
          "line": 29,
          "column": 6
        }
      },
      "14": {
        "start": {
          "line": 26,
          "column": 6
        },
        "end": {
          "line": 28,
          "column": 9
        }
      },
      "15": {
        "start": {
          "line": 27,
          "column": 8
        },
        "end": {
          "line": 27,
          "column": 46
        }
      },
      "16": {
        "start": {
          "line": 32,
          "column": 2
        },
        "end": {
          "line": 43,
          "column": 4
        }
      },
      "17": {
        "start": {
          "line": 39,
          "column": 10
        },
        "end": {
          "line": 39,
          "column": 67
        }
      }
    },
    "fnMap": {
      "0": {
        "name": "Chat",
        "decl": {
          "start": {
            "line": 4,
            "column": 24
          },
          "end": {
            "line": 4,
            "column": 28
          }
        },
        "loc": {
          "start": {
            "line": 4,
            "column": 41
          },
          "end": {
            "line": 44,
            "column": 1
          }
        },
        "line": 4
      },
      "1": {
        "name": "(anonymous_1)",
        "decl": {
          "start": {
            "line": 8,
            "column": 21
          },
          "end": {
            "line": 8,
            "column": 22
          }
        },
        "loc": {
          "start": {
            "line": 8,
            "column": 28
          },
          "end": {
            "line": 11,
            "column": 3
          }
        },
        "line": 8
      },
      "2": {
        "name": "(anonymous_2)",
        "decl": {
          "start": {
            "line": 13,
            "column": 23
          },
          "end": {
            "line": 13,
            "column": 24
          }
        },
        "loc": {
          "start": {
            "line": 13,
            "column": 29
          },
          "end": {
            "line": 19,
            "column": 3
          }
        },
        "line": 13
      },
      "3": {
        "name": "(anonymous_3)",
        "decl": {
          "start": {
            "line": 21,
            "column": 12
          },
          "end": {
            "line": 21,
            "column": 13
          }
        },
        "loc": {
          "start": {
            "line": 21,
            "column": 18
          },
          "end": {
            "line": 30,
            "column": 3
          }
        },
        "line": 21
      },
      "4": {
        "name": "(anonymous_4)",
        "decl": {
          "start": {
            "line": 22,
            "column": 22
          },
          "end": {
            "line": 22,
            "column": 23
          }
        },
        "loc": {
          "start": {
            "line": 22,
            "column": 32
          },
          "end": {
            "line": 24,
            "column": 5
          }
        },
        "line": 22
      },
      "5": {
        "name": "(anonymous_5)",
        "decl": {
          "start": {
            "line": 25,
            "column": 11
          },
          "end": {
            "line": 25,
            "column": 12
          }
        },
        "loc": {
          "start": {
            "line": 25,
            "column": 17
          },
          "end": {
            "line": 29,
            "column": 5
          }
        },
        "line": 25
      },
      "6": {
        "name": "(anonymous_6)",
        "decl": {
          "start": {
            "line": 26,
            "column": 25
          },
          "end": {
            "line": 26,
            "column": 26
          }
        },
        "loc": {
          "start": {
            "line": 26,
            "column": 31
          },
          "end": {
            "line": 28,
            "column": 7
          }
        },
        "line": 26
      },
      "7": {
        "name": "(anonymous_7)",
        "decl": {
          "start": {
            "line": 38,
            "column": 22
          },
          "end": {
            "line": 38,
            "column": 23
          }
        },
        "loc": {
          "start": {
            "line": 38,
            "column": 46
          },
          "end": {
            "line": 40,
            "column": 9
          }
        },
        "line": 38
      }
    },
    "branchMap": {
      "0": {
        "loc": {
          "start": {
            "line": 14,
            "column": 4
          },
          "end": {
            "line": 16,
            "column": 5
          }
        },
        "type": "if",
        "locations": [
          {
            "start": {
              "line": 14,
              "column": 4
            },
            "end": {
              "line": 16,
              "column": 5
            }
          },
          {
            "start": {
              "line": 14,
              "column": 4
            },
            "end": {
              "line": 16,
              "column": 5
            }
          }
        ],
        "line": 14
      }
    },
    "s": {
      "0": 18,
      "1": 18,
      "2": 18,
      "3": 10,
      "4": 10,
      "5": 18,
      "6": 2,
      "7": 0,
      "8": 2,
      "9": 2,
      "10": 18,
      "11": 6,
      "12": 2,
      "13": 6,
      "14": 2,
      "15": 0,
      "16": 18,
      "17": 2
    },
    "f": {
      "0": 18,
      "1": 10,
      "2": 2,
      "3": 6,
      "4": 2,
      "5": 2,
      "6": 0,
      "7": 2
    },
    "b": {
      "0": [
        0,
        2
      ]
    },
    "_coverageSchema": "1a1c01bbd47fc00a2c39e90264f33305004495a9",
    "hash": "f70ca2488ec95a50ae78ce3ec237995e7c03564f"
  },
  "/Users/wood/Documents/Futureproof/4-Lap4/3-Project/frontend/src/components/PublicItem/index.js": {
    "path": "/Users/wood/Documents/Futureproof/4-Lap4/3-Project/frontend/src/components/PublicItem/index.js",
    "statementMap": {
      "0": {
        "start": {
          "line": 5,
          "column": 2
        },
        "end": {
          "line": 9,
          "column": 3
        }
      }
    },
    "fnMap": {
      "0": {
        "name": "PublicItem",
        "decl": {
          "start": {
            "line": 4,
            "column": 24
          },
          "end": {
            "line": 4,
            "column": 34
          }
        },
        "loc": {
          "start": {
            "line": 4,
            "column": 49
          },
          "end": {
            "line": 10,
            "column": 1
          }
        },
        "line": 4
      }
    },
    "branchMap": {},
    "s": {
      "0": 150
    },
    "f": {
      "0": 150
    },
    "b": {},
    "_coverageSchema": "1a1c01bbd47fc00a2c39e90264f33305004495a9",
    "hash": "9b58408ca18b027df6cf090db13368166d32c578"
  },
  "/Users/wood/Documents/Futureproof/4-Lap4/3-Project/frontend/src/components/index.js": {
    "path": "/Users/wood/Documents/Futureproof/4-Lap4/3-Project/frontend/src/components/index.js",
    "statementMap": {},
    "fnMap": {},
    "branchMap": {},
    "s": {},
    "f": {},
    "b": {},
    "_coverageSchema": "1a1c01bbd47fc00a2c39e90264f33305004495a9",
    "hash": "0ab7cabc52405fbcdab73109e61b76dab88780d8"
  },
  "/Users/wood/Documents/Futureproof/4-Lap4/3-Project/frontend/src/pages/Album/index.js": {
    "path": "/Users/wood/Documents/Futureproof/4-Lap4/3-Project/frontend/src/pages/Album/index.js",
    "statementMap": {
      "0": {
        "start": {
          "line": 9,
          "column": 22
        },
        "end": {
          "line": 9,
          "column": 67
        }
      },
      "1": {
        "start": {
          "line": 9,
          "column": 43
        },
        "end": {
          "line": 9,
          "column": 66
        }
      },
      "2": {
        "start": {
          "line": 10,
          "column": 26
        },
        "end": {
          "line": 10,
          "column": 64
        }
      },
      "3": {
        "start": {
          "line": 10,
          "column": 47
        },
        "end": {
          "line": 10,
          "column": 63
        }
      },
      "4": {
        "start": {
          "line": 11,
          "column": 2
        },
        "end": {
          "line": 11,
          "column": 27
        }
      },
      "5": {
        "start": {
          "line": 12,
          "column": 32
        },
        "end": {
          "line": 12,
          "column": 47
        }
      },
      "6": {
        "start": {
          "line": 14,
          "column": 19
        },
        "end": {
          "line": 14,
          "column": 32
        }
      },
      "7": {
        "start": {
          "line": 15,
          "column": 19
        },
        "end": {
          "line": 15,
          "column": 32
        }
      },
      "8": {
        "start": {
          "line": 17,
          "column": 28
        },
        "end": {
          "line": 17,
          "column": 54
        }
      },
      "9": {
        "start": {
          "line": 18,
          "column": 21
        },
        "end": {
          "line": 18,
          "column": 23
        }
      },
      "10": {
        "start": {
          "line": 19,
          "column": 2
        },
        "end": {
          "line": 24,
          "column": 5
        }
      },
      "11": {
        "start": {
          "line": 20,
          "column": 22
        },
        "end": {
          "line": 20,
          "column": 40
        }
      },
      "12": {
        "start": {
          "line": 21,
          "column": 4
        },
        "end": {
          "line": 23,
          "column": 5
        }
      },
      "13": {
        "start": {
          "line": 22,
          "column": 6
        },
        "end": {
          "line": 22,
          "column": 29
        }
      },
      "14": {
        "start": {
          "line": 27,
          "column": 2
        },
        "end": {
          "line": 30,
          "column": 14
        }
      },
      "15": {
        "start": {
          "line": 28,
          "column": 4
        },
        "end": {
          "line": 28,
          "column": 37
        }
      },
      "16": {
        "start": {
          "line": 29,
          "column": 4
        },
        "end": {
          "line": 29,
          "column": 25
        }
      },
      "17": {
        "start": {
          "line": 32,
          "column": 25
        },
        "end": {
          "line": 53,
          "column": 3
        }
      },
      "18": {
        "start": {
          "line": 33,
          "column": 6
        },
        "end": {
          "line": 52,
          "column": 5
        }
      },
      "19": {
        "start": {
          "line": 35,
          "column": 10
        },
        "end": {
          "line": 44,
          "column": 11
        }
      },
      "20": {
        "start": {
          "line": 35,
          "column": 22
        },
        "end": {
          "line": 35,
          "column": 23
        }
      },
      "21": {
        "start": {
          "line": 36,
          "column": 12
        },
        "end": {
          "line": 43,
          "column": 13
        }
      },
      "22": {
        "start": {
          "line": 38,
          "column": 14
        },
        "end": {
          "line": 42,
          "column": 15
        }
      },
      "23": {
        "start": {
          "line": 46,
          "column": 10
        },
        "end": {
          "line": 50,
          "column": 11
        }
      },
      "24": {
        "start": {
          "line": 55,
          "column": 2
        },
        "end": {
          "line": 102,
          "column": 3
        }
      },
      "25": {
        "start": {
          "line": 58,
          "column": 31
        },
        "end": {
          "line": 58,
          "column": 66
        }
      },
      "26": {
        "start": {
          "line": 59,
          "column": 31
        },
        "end": {
          "line": 59,
          "column": 64
        }
      },
      "27": {
        "start": {
          "line": 60,
          "column": 31
        },
        "end": {
          "line": 60,
          "column": 57
        }
      }
    },
    "fnMap": {
      "0": {
        "name": "Album",
        "decl": {
          "start": {
            "line": 8,
            "column": 24
          },
          "end": {
            "line": 8,
            "column": 29
          }
        },
        "loc": {
          "start": {
            "line": 8,
            "column": 32
          },
          "end": {
            "line": 103,
            "column": 1
          }
        },
        "line": 8
      },
      "1": {
        "name": "(anonymous_1)",
        "decl": {
          "start": {
            "line": 9,
            "column": 34
          },
          "end": {
            "line": 9,
            "column": 35
          }
        },
        "loc": {
          "start": {
            "line": 9,
            "column": 43
          },
          "end": {
            "line": 9,
            "column": 66
          }
        },
        "line": 9
      },
      "2": {
        "name": "(anonymous_2)",
        "decl": {
          "start": {
            "line": 10,
            "column": 38
          },
          "end": {
            "line": 10,
            "column": 39
          }
        },
        "loc": {
          "start": {
            "line": 10,
            "column": 47
          },
          "end": {
            "line": 10,
            "column": 63
          }
        },
        "line": 10
      },
      "3": {
        "name": "(anonymous_3)",
        "decl": {
          "start": {
            "line": 19,
            "column": 28
          },
          "end": {
            "line": 19,
            "column": 29
          }
        },
        "loc": {
          "start": {
            "line": 19,
            "column": 39
          },
          "end": {
            "line": 24,
            "column": 3
          }
        },
        "line": 19
      },
      "4": {
        "name": "(anonymous_4)",
        "decl": {
          "start": {
            "line": 27,
            "column": 12
          },
          "end": {
            "line": 27,
            "column": 13
          }
        },
        "loc": {
          "start": {
            "line": 27,
            "column": 18
          },
          "end": {
            "line": 30,
            "column": 3
          }
        },
        "line": 27
      },
      "5": {
        "name": "(anonymous_5)",
        "decl": {
          "start": {
            "line": 32,
            "column": 25
          },
          "end": {
            "line": 32,
            "column": 26
          }
        },
        "loc": {
          "start": {
            "line": 32,
            "column": 31
          },
          "end": {
            "line": 53,
            "column": 3
          }
        },
        "line": 32
      },
      "6": {
        "name": "(anonymous_6)",
        "decl": {
          "start": {
            "line": 34,
            "column": 24
          },
          "end": {
            "line": 34,
            "column": 25
          }
        },
        "loc": {
          "start": {
            "line": 34,
            "column": 37
          },
          "end": {
            "line": 51,
            "column": 9
          }
        },
        "line": 34
      },
      "7": {
        "name": "(anonymous_7)",
        "decl": {
          "start": {
            "line": 58,
            "column": 25
          },
          "end": {
            "line": 58,
            "column": 26
          }
        },
        "loc": {
          "start": {
            "line": 58,
            "column": 31
          },
          "end": {
            "line": 58,
            "column": 66
          }
        },
        "line": 58
      },
      "8": {
        "name": "(anonymous_8)",
        "decl": {
          "start": {
            "line": 59,
            "column": 25
          },
          "end": {
            "line": 59,
            "column": 26
          }
        },
        "loc": {
          "start": {
            "line": 59,
            "column": 31
          },
          "end": {
            "line": 59,
            "column": 64
          }
        },
        "line": 59
      },
      "9": {
        "name": "(anonymous_9)",
        "decl": {
          "start": {
            "line": 60,
            "column": 26
          },
          "end": {
            "line": 60,
            "column": 27
          }
        },
        "loc": {
          "start": {
            "line": 60,
            "column": 31
          },
          "end": {
            "line": 60,
            "column": 57
          }
        },
        "line": 60
      }
    },
    "branchMap": {
      "0": {
        "loc": {
          "start": {
            "line": 21,
            "column": 4
          },
          "end": {
            "line": 23,
            "column": 5
          }
        },
        "type": "if",
        "locations": [
          {
            "start": {
              "line": 21,
              "column": 4
            },
            "end": {
              "line": 23,
              "column": 5
            }
          },
          {
            "start": {
              "line": 21,
              "column": 4
            },
            "end": {
              "line": 23,
              "column": 5
            }
          }
        ],
        "line": 21
      },
      "1": {
        "loc": {
          "start": {
            "line": 36,
            "column": 12
          },
          "end": {
            "line": 43,
            "column": 13
          }
        },
        "type": "if",
        "locations": [
          {
            "start": {
              "line": 36,
              "column": 12
            },
            "end": {
              "line": 43,
              "column": 13
            }
          },
          {
            "start": {
              "line": 36,
              "column": 12
            },
            "end": {
              "line": 43,
              "column": 13
            }
          }
        ],
        "line": 36
      }
    },
    "s": {
      "0": 792,
      "1": 1346,
      "2": 740,
      "3": 1346,
      "4": 740,
      "5": 740,
      "6": 740,
      "7": 740,
      "8": 740,
      "9": 740,
      "10": 740,
      "11": 461168,
      "12": 461168,
      "13": 498,
      "14": 740,
      "15": 278,
      "16": 278,
      "17": 740,
      "18": 740,
      "19": 13152,
      "20": 13152,
      "21": 9046,
      "22": 408,
      "23": 12744,
      "24": 740,
      "25": 28,
      "26": 112,
      "27": 44
    },
    "f": {
      "0": 792,
      "1": 1346,
      "2": 1346,
      "3": 461168,
      "4": 278,
      "5": 740,
      "6": 13152,
      "7": 28,
      "8": 112,
      "9": 44
    },
    "b": {
      "0": [
        498,
        460670
      ],
      "1": [
        408,
        8638
      ]
    },
    "_coverageSchema": "1a1c01bbd47fc00a2c39e90264f33305004495a9",
    "hash": "92ac96d13f990e5c1cbc4cd522f1abb3e18fed46"
  },
  "/Users/wood/Documents/Futureproof/4-Lap4/3-Project/frontend/src/pages/Friends/index.js": {
    "path": "/Users/wood/Documents/Futureproof/4-Lap4/3-Project/frontend/src/pages/Friends/index.js",
    "statementMap": {
      "0": {
        "start": {
          "line": 9,
          "column": 22
        },
        "end": {
          "line": 9,
          "column": 65
        }
      },
      "1": {
        "start": {
          "line": 9,
          "column": 43
        },
        "end": {
          "line": 9,
          "column": 64
        }
      },
      "2": {
        "start": {
          "line": 10,
          "column": 23
        },
        "end": {
          "line": 10,
          "column": 61
        }
      },
      "3": {
        "start": {
          "line": 10,
          "column": 44
        },
        "end": {
          "line": 10,
          "column": 60
        }
      },
      "4": {
        "start": {
          "line": 11,
          "column": 2
        },
        "end": {
          "line": 11,
          "column": 27
        }
      },
      "5": {
        "start": {
          "line": 12,
          "column": 17
        },
        "end": {
          "line": 12,
          "column": 56
        }
      },
      "6": {
        "start": {
          "line": 12,
          "column": 38
        },
        "end": {
          "line": 12,
          "column": 55
        }
      },
      "7": {
        "start": {
          "line": 14,
          "column": 19
        },
        "end": {
          "line": 14,
          "column": 32
        }
      },
      "8": {
        "start": {
          "line": 15,
          "column": 19
        },
        "end": {
          "line": 15,
          "column": 32
        }
      },
      "9": {
        "start": {
          "line": 17,
          "column": 25
        },
        "end": {
          "line": 17,
          "column": 48
        }
      },
      "10": {
        "start": {
          "line": 18,
          "column": 18
        },
        "end": {
          "line": 18,
          "column": 20
        }
      },
      "11": {
        "start": {
          "line": 19,
          "column": 23
        },
        "end": {
          "line": 19,
          "column": 25
        }
      },
      "12": {
        "start": {
          "line": 20,
          "column": 2
        },
        "end": {
          "line": 27,
          "column": 5
        }
      },
      "13": {
        "start": {
          "line": 21,
          "column": 22
        },
        "end": {
          "line": 21,
          "column": 37
        }
      },
      "14": {
        "start": {
          "line": 22,
          "column": 4
        },
        "end": {
          "line": 26,
          "column": 5
        }
      },
      "15": {
        "start": {
          "line": 23,
          "column": 6
        },
        "end": {
          "line": 23,
          "column": 26
        }
      },
      "16": {
        "start": {
          "line": 24,
          "column": 11
        },
        "end": {
          "line": 26,
          "column": 5
        }
      },
      "17": {
        "start": {
          "line": 25,
          "column": 6
        },
        "end": {
          "line": 25,
          "column": 31
        }
      },
      "18": {
        "start": {
          "line": 29,
          "column": 2
        },
        "end": {
          "line": 29,
          "column": 25
        }
      },
      "19": {
        "start": {
          "line": 30,
          "column": 2
        },
        "end": {
          "line": 30,
          "column": 30
        }
      },
      "20": {
        "start": {
          "line": 32,
          "column": 21
        },
        "end": {
          "line": 32,
          "column": 23
        }
      },
      "21": {
        "start": {
          "line": 35,
          "column": 2
        },
        "end": {
          "line": 50,
          "column": 5
        }
      },
      "22": {
        "start": {
          "line": 36,
          "column": 23
        },
        "end": {
          "line": 36,
          "column": 25
        }
      },
      "23": {
        "start": {
          "line": 37,
          "column": 28
        },
        "end": {
          "line": 37,
          "column": 30
        }
      },
      "24": {
        "start": {
          "line": 38,
          "column": 28
        },
        "end": {
          "line": 38,
          "column": 51
        }
      },
      "25": {
        "start": {
          "line": 40,
          "column": 4
        },
        "end": {
          "line": 47,
          "column": 7
        }
      },
      "26": {
        "start": {
          "line": 41,
          "column": 24
        },
        "end": {
          "line": 41,
          "column": 39
        }
      },
      "27": {
        "start": {
          "line": 42,
          "column": 6
        },
        "end": {
          "line": 46,
          "column": 7
        }
      },
      "28": {
        "start": {
          "line": 43,
          "column": 8
        },
        "end": {
          "line": 43,
          "column": 31
        }
      },
      "29": {
        "start": {
          "line": 44,
          "column": 13
        },
        "end": {
          "line": 46,
          "column": 7
        }
      },
      "30": {
        "start": {
          "line": 45,
          "column": 8
        },
        "end": {
          "line": 45,
          "column": 36
        }
      },
      "31": {
        "start": {
          "line": 49,
          "column": 4
        },
        "end": {
          "line": 49,
          "column": 94
        }
      },
      "32": {
        "start": {
          "line": 52,
          "column": 2
        },
        "end": {
          "line": 52,
          "column": 28
        }
      },
      "33": {
        "start": {
          "line": 54,
          "column": 15
        },
        "end": {
          "line": 54,
          "column": 17
        }
      },
      "34": {
        "start": {
          "line": 56,
          "column": 2
        },
        "end": {
          "line": 75,
[...]
          "line": 11,
          "column": 4
        },
        "end": {
          "line": 20,
          "column": 5
        }
      },
      "3": {
        "start": {
          "line": 13,
          "column": 12
        },
        "end": {
          "line": 13,
          "column": 47
        }
      },
      "4": {
        "start": {
          "line": 15,
          "column": 12
        },
        "end": {
          "line": 15,
          "column": 211
        }
      },
      "5": {
        "start": {
          "line": 17,
          "column": 12
        },
        "end": {
          "line": 17,
          "column": 55
        }
      },
      "6": {
        "start": {
          "line": 19,
          "column": 12
        },
        "end": {
          "line": 19,
          "column": 25
        }
      }
    },
    "fnMap": {
      "0": {
        "name": "(anonymous_0)",
        "decl": {
          "start": {
            "line": 10,
            "column": 20
          },
          "end": {
            "line": 10,
            "column": 21
          }
        },
        "loc": {
          "start": {
            "line": 10,
            "column": 49
          },
          "end": {
            "line": 21,
            "column": 1
          }
        },
        "line": 10
      }
    },
    "branchMap": {
      "0": {
        "loc": {
          "start": {
            "line": 10,
            "column": 21
          },
          "end": {
            "line": 10,
            "column": 36
          }
        },
        "type": "default-arg",
        "locations": [
          {
            "start": {
              "line": 10,
              "column": 27
            },
            "end": {
              "line": 10,
              "column": 36
            }
          }
        ],
        "line": 10
      },
      "1": {
        "loc": {
          "start": {
            "line": 11,
            "column": 4
          },
          "end": {
            "line": 20,
            "column": 5
          }
        },
        "type": "switch",
        "locations": [
          {
            "start": {
              "line": 12,
              "column": 8
            },
            "end": {
              "line": 13,
              "column": 47
            }
          },
          {
            "start": {
              "line": 14,
              "column": 8
            },
            "end": {
              "line": 15,
              "column": 211
            }
          },
          {
            "start": {
              "line": 16,
              "column": 8
            },
            "end": {
              "line": 17,
              "column": 55
            }
          },
          {
            "start": {
              "line": 18,
              "column": 8
            },
            "end": {
              "line": 19,
              "column": 25
            }
          }
        ],
        "line": 11
      }
    },
    "s": {
      "0": 77,
      "1": 77,
      "2": 1277,
      "3": 188,
      "4": 187,
      "5": 0,
      "6": 902
    },
    "f": {
      "0": 1277
    },
    "b": {
      "0": [
        231
      ],
      "1": [
        188,
        187,
        0,
        902
      ]
    },
    "_coverageSchema": "1a1c01bbd47fc00a2c39e90264f33305004495a9",
    "hash": "3e0375a8a3d1d84bf2f22ec915c87caaa99fb89e"
  },
  "/Users/wood/Documents/Futureproof/4-Lap4/3-Project/frontend/src/reducers/stickerReducer.js": {
    "path": "/Users/wood/Documents/Futureproof/4-Lap4/3-Project/frontend/src/reducers/stickerReducer.js",
    "statementMap": {
      "0": {
        "start": {
          "line": 1,
          "column": 18
        },
        "end": {
          "line": 29,
          "column": 1
        }
      },
      "1": {
        "start": {
          "line": 31,
          "column": 23
        },
        "end": {
          "line": 40,
          "column": 1
        }
      },
      "2": {
        "start": {
          "line": 32,
          "column": 4
        },
        "end": {
          "line": 39,
          "column": 5
        }
      },
      "3": {
        "start": {
          "line": 34,
          "column": 12
        },
        "end": {
          "line": 34,
          "column": 45
        }
      },
      "4": {
        "start": {
          "line": 36,
          "column": 12
        },
        "end": {
          "line": 36,
          "column": 81
        }
      },
      "5": {
        "start": {
          "line": 38,
          "column": 12
        },
        "end": {
          "line": 38,
          "column": 25
        }
      }
    },
    "fnMap": {
      "0": {
        "name": "(anonymous_0)",
        "decl": {
          "start": {
            "line": 31,
            "column": 23
          },
          "end": {
            "line": 31,
            "column": 24
          }
        },
        "loc": {
          "start": {
            "line": 31,
            "column": 52
          },
          "end": {
            "line": 40,
            "column": 1
          }
        },
        "line": 31
      }
    },
    "branchMap": {
      "0": {
        "loc": {
          "start": {
            "line": 31,
            "column": 24
          },
          "end": {
            "line": 31,
            "column": 39
          }
        },
        "type": "default-arg",
        "locations": [
          {
            "start": {
              "line": 31,
              "column": 30
            },
            "end": {
              "line": 31,
              "column": 39
            }
          }
        ],
        "line": 31
      },
      "1": {
        "loc": {
          "start": {
            "line": 32,
            "column": 4
          },
          "end": {
            "line": 39,
            "column": 5
          }
        },
        "type": "switch",
        "locations": [
          {
            "start": {
              "line": 33,
              "column": 8
            },
            "end": {
              "line": 34,
              "column": 45
            }
          },
          {
            "start": {
              "line": 35,
              "column": 8
            },
            "end": {
              "line": 36,
              "column": 81
            }
          },
          {
            "start": {
              "line": 37,
              "column": 8
            },
            "end": {
              "line": 38,
              "column": 25
            }
          }
        ],
        "line": 32
      }
    },
    "s": {
      "0": 77,
      "1": 77,
      "2": 1277,
      "3": 278,
      "4": 277,
      "5": 722
    },
    "f": {
      "0": 1277
    },
    "b": {
      "0": [
        231
      ],
      "1": [
        278,
        277,
        722
      ]
    },
    "_coverageSchema": "1a1c01bbd47fc00a2c39e90264f33305004495a9",
    "hash": "1c5876699289eb4f27804e841add9e9178f42bee"
  },
  "/Users/wood/Documents/Futureproof/4-Lap4/3-Project/frontend/src/reducers/friendsReducer.js": {
    "path": "/Users/wood/Documents/Futureproof/4-Lap4/3-Project/frontend/src/reducers/friendsReducer.js",
    "statementMap": {
      "0": {
        "start": {
          "line": 1,
          "column": 18
        },
        "end": {
          "line": 32,
          "column": 1
        }
      },
      "1": {
        "start": {
          "line": 34,
          "column": 23
        },
        "end": {
          "line": 53,
          "column": 1
        }
      },
      "2": {
        "start": {
          "line": 35,
          "column": 4
        },
        "end": {
          "line": 52,
          "column": 5
        }
      },
      "3": {
        "start": {
          "line": 37,
          "column": 12
        },
        "end": {
          "line": 37,
          "column": 46
        }
      },
      "4": {
        "start": {
          "line": 39,
          "column": 12
        },
        "end": {
          "line": 39,
          "column": 80
        }
      },
      "5": {
        "start": {
          "line": 41,
          "column": 12
        },
        "end": {
          "line": 49,
          "column": 15
        }
      },
      "6": {
        "start": {
          "line": 42,
          "column": 16
        },
        "end": {
          "line": 47,
          "column": 17
        }
      },
      "7": {
        "start": {
          "line": 43,
          "column": 20
        },
        "end": {
          "line": 46,
          "column": 21
        }
      },
      "8": {
        "start": {
          "line": 48,
          "column": 16
        },
        "end": {
          "line": 48,
          "column": 25
        }
      },
      "9": {
        "start": {
          "line": 51,
          "column": 12
        },
        "end": {
          "line": 51,
          "column": 25
        }
      }
    },
    "fnMap": {
      "0": {
        "name": "(anonymous_0)",
        "decl": {
          "start": {
            "line": 34,
            "column": 23
          },
          "end": {
            "line": 34,
            "column": 24
          }
        },
        "loc": {
          "start": {
            "line": 34,
            "column": 52
          },
          "end": {
            "line": 53,
            "column": 1
          }
        },
        "line": 34
      },
      "1": {
        "name": "(anonymous_1)",
        "decl": {
          "start": {
            "line": 41,
            "column": 58
          },
          "end": {
            "line": 41,
            "column": 59
          }
        },
        "loc": {
          "start": {
            "line": 41,
            "column": 65
          },
          "end": {
            "line": 49,
            "column": 13
          }
        },
        "line": 41
      }
    },
    "branchMap": {
      "0": {
        "loc": {
          "start": {
            "line": 34,
            "column": 24
          },
          "end": {
            "line": 34,
            "column": 39
          }
        },
        "type": "default-arg",
        "locations": [
          {
            "start": {
              "line": 34,
              "column": 30
            },
            "end": {
              "line": 34,
              "column": 39
            }
          }
        ],
        "line": 34
      },
      "1": {
        "loc": {
          "start": {
            "line": 35,
            "column": 4
          },
          "end": {
            "line": 52,
            "column": 5
          }
        },
        "type": "switch",
        "locations": [
          {
            "start": {
              "line": 36,
              "column": 8
            },
            "end": {
              "line": 37,
              "column": 46
            }
          },
          {
            "start": {
              "line": 38,
              "column": 8
            },
            "end": {
              "line": 39,
              "column": 80
            }
          },
          {
            "start": {
              "line": 40,
              "column": 8
            },
            "end": {
              "line": 49,
              "column": 15
            }
          },
          {
            "start": {
              "line": 50,
              "column": 8
            },
            "end": {
              "line": 51,
              "column": 25
            }
          }
        ],
        "line": 35
      },
      "2": {
        "loc": {
          "start": {
            "line": 42,
            "column": 16
          },
          "end": {
            "line": 47,
            "column": 17
          }
        },
        "type": "if",
        "locations": [
          {
            "start": {
              "line": 42,
              "column": 16
            },
            "end": {
              "line": 47,
              "column": 17
            }
          },
          {
            "start": {
              "line": 42,
              "column": 16
            },
            "end": {
              "line": 47,
              "column": 17
            }
          }
        ],
        "line": 42
      }
    },
    "s": {
      "0": 77,
      "1": 77,
      "2": 1277,
      "3": 42,
      "4": 42,
      "5": 0,
      "6": 0,
      "7": 0,
      "8": 0,
      "9": 1193
    },
    "f": {
      "0": 1277,
      "1": 0
    },
    "b": {
      "0": [
        231
      ],
      "1": [
        42,
        42,
        0,
        1193
      ],
      "2": [
        0,
        0
      ]
    },
    "_coverageSchema": "1a1c01bbd47fc00a2c39e90264f33305004495a9",
    "hash": "cfa896928f11950eec1dfefd5fb7eae860e4dbe7"
  },
  "/Users/wood/Documents/Futureproof/4-Lap4/3-Project/frontend/src/reducers/publicUsersReducer.js": {
    "path": "/Users/wood/Documents/Futureproof/4-Lap4/3-Project/frontend/src/reducers/publicUsersReducer.js",
    "statementMap": {
      "0": {
        "start": {
          "line": 1,
          "column": 18
        },
        "end": {
          "line": 32,
          "column": 1
        }
      },
      "1": {
        "start": {
          "line": 34,
          "column": 27
        },
        "end": {
          "line": 53,
          "column": 1
        }
      },
      "2": {
        "start": {
          "line": 35,
          "column": 4
        },
        "end": {
          "line": 52,
          "column": 5
        }
      },
      "3": {
        "start": {
          "line": 37,
          "column": 12
        },
        "end": {
          "line": 37,
          "column": 46
        }
      },
      "4": {
        "start": {
          "line": 39,
          "column": 12
        },
        "end": {
          "line": 39,
          "column": 88
        }
      },
      "5": {
        "start": {
          "line": 41,
          "column": 12
        },
        "end": {
          "line": 49,
          "column": 15
        }
      },
      "6": {
        "start": {
          "line": 42,
          "column": 16
        },
        "end": {
          "line": 47,
          "column": 17
        }
      },
      "7": {
        "start": {
          "line": 43,
          "column": 20
        },
        "end": {
          "line": 46,
          "column": 21
        }
      },
      "8": {
        "start": {
          "line": 48,
          "column": 16
        },
        "end": {
          "line": 48,
          "column": 25
        }
      },
      "9": {
        "start": {
          "line": 51,
          "column": 12
        },
        "end": {
          "line": 51,
          "column": 25
        }
      }
    },
    "fnMap": {
      "0": {
        "name": "(anonymous_0)",
        "decl": {
          "start": {
            "line": 34,
            "column": 27
          },
          "end": {
            "line": 34,
            "column": 28
          }
        },
        "loc": {
          "start": {
            "line": 34,
            "column": 56
          },
          "end": {
            "line": 53,
            "column": 1
          }
        },
        "line": 34
      },
      "1": {
        "name": "(anonymous_1)",
        "decl": {
          "start": {
            "line": 41,
            "column": 66
          },
          "end": {
            "line": 41,
            "column": 67
          }
        },
        "loc": {
          "start": {
            "line": 41,
            "column": 73
          },
          "end": {
            "line": 49,
            "column": 13
          }
        },
        "line": 41
      }
    },
    "branchMap": {
      "0": {
        "loc": {
          "start": {
            "line": 34,
            "column": 28
          },
          "end": {
            "line": 34,
            "column": 43
          }
        },
        "type": "default-arg",
        "locations": [
          {
            "start": {
              "line": 34,
              "column": 34
            },
            "end": {
              "line": 34,
              "column": 43
            }
          }
        ],
        "line": 34
      },
      "1": {
        "loc": {
          "start": {
            "line": 35,
            "column": 4
          },
          "end": {
            "line": 52,
            "column": 5
          }
        },
        "type": "switch",
        "locations": [
          {
            "start": {
              "line": 36,
              "column": 8
            },
            "end": {
              "line": 37,
              "column": 46
            }
          },
          {
            "start": {
              "line": 38,
              "column": 8
            },
            "end": {
              "line": 39,
              "column": 88
            }
          },
          {
            "start": {
              "line": 40,
              "column": 8
            },
            "end": {
              "line": 49,
              "column": 15
            }
          },
          {
            "start": {
              "line": 50,
              "column": 8
            },
            "end": {
              "line": 51,
              "column": 25
            }
          }
        ],
        "line": 35
      },
      "2": {
        "loc": {
          "start": {
            "line": 42,
            "column": 16
          },
          "end": {
            "line": 47,
            "column": 17
          }
        },
        "type": "if",
        "locations": [
          {
            "start": {
              "line": 42,
              "column": 16
            },
            "end": {
              "line": 47,
              "column": 17
            }
          },
          {
            "start": {
              "line": 42,
              "column": 16
            },
            "end": {
              "line": 47,
              "column": 17
            }
          }
        ],
        "line": 42
      }
    },
    "s": {
      "0": 77,
      "1": 77,
      "2": 1277,
      "3": 16,
      "4": 16,
      "5": 0,
      "6": 0,
      "7": 0,
      "8": 0,
      "9": 1245
    },
    "f": {
      "0": 1277,
      "1": 0
    },
    "b": {
      "0": [
        231
      ],
      "1": [
        16,
        16,
        0,
        1245
      ],
      "2": [
        0,
        0
      ]
    },
    "_coverageSchema": "1a1c01bbd47fc00a2c39e90264f33305004495a9",
    "hash": "e2872323e8ee3a439ad9c783ccc73f433e5a15cc"
  },
  "/Users/wood/Documents/Futureproof/4-Lap4/3-Project/frontend/src/reducers/index.js": {
    "path": "/Users/wood/Documents/Futureproof/4-Lap4/3-Project/frontend/src/reducers/index.js",
    "statementMap": {},
    "fnMap": {},
    "branchMap": {},
    "s": {},
    "f": {},
    "b": {},
    "_coverageSchema": "1a1c01bbd47fc00a2c39e90264f33305004495a9",
    "hash": "4bd7341ab23f0fb63b7932515defc69aa1d9bf49"
  },
  "/Users/wood/Documents/Futureproof/4-Lap4/3-Project/frontend/src/store.js": {
    "path": "/Users/wood/Documents/Futureproof/4-Lap4/3-Project/frontend/src/store.js",
    "statementMap": {
      "0": {
        "start": {
          "line": 4,
          "column": 14
        },
        "end": {
          "line": 11,
          "column": 2
        }
      }
    },
    "fnMap": {},
    "branchMap": {},
    "s": {
      "0": 77
    },
    "f": {},
    "b": {},
    "_coverageSchema": "1a1c01bbd47fc00a2c39e90264f33305004495a9",
    "hash": "16a5c05616470a8150a7fc9bdc0bb8be3ee6d3af"
  },
  "/Users/wood/Documents/Futureproof/4-Lap4/3-Project/frontend/src/index.js": {
    "path": "/Users/wood/Documents/Futureproof/4-Lap4/3-Project/frontend/src/index.js",
    "statementMap": {
      "0": {
        "start": {
          "line": 9,
          "column": 13
        },
        "end": {
          "line": 9,
          "column": 65
        }
      },
      "1": {
        "start": {
          "line": 10,
          "column": 0
        },
        "end": {
          "line": 18,
          "column": 2
        }
      }
    },
    "fnMap": {},
    "branchMap": {},
    "s": {
      "0": 77,
      "1": 77
    },
    "f": {},
    "b": {},
    "_coverageSchema": "1a1c01bbd47fc00a2c39e90264f33305004495a9",
    "hash": "6f5b9a0da2b7883e181595133266535f94a468d4"
  }
}